03:17:53.271 [main                     ] DEBUG Logger               - Configured Logger
03:17:53.319 [main                     ] DEBUG GameApplication      - Logging settings
Title: Rescue Cats ! 😺💣
Version: 0.0
Width: 1000
Height: 650
Fullscreen: false
Intro: false
Profiling: false
Single step:false
App Mode: DEVELOPER
Menu Key: ESCAPE
Stage Style: DECORATED
Scene Factory: class com.almasb.fxgl.app.scene.SceneFactory

03:17:53.852 [JavaFX Application Thread] DEBUG FXGLApplication      - Initializing FXGL
03:17:53.861 [JavaFX Application Thread] INFO  Engine               - FXGL-17.3 (30.03.2023 11.49) on WINDOWS (J:20.0.1 FX:20.0.1)
03:17:53.862 [JavaFX Application Thread] DEBUG Engine               - JRE Vendor Name: Oracle Corporation
03:17:53.862 [JavaFX Application Thread] DEBUG Engine               - Running on OS: Windows 10 version 10.0
03:17:53.862 [JavaFX Application Thread] DEBUG Engine               - Architecture: amd64
03:17:53.863 [JavaFX Application Thread] INFO  Engine               - Source code and latest versions at: https://github.com/AlmasB/FXGL
03:17:53.863 [JavaFX Application Thread] INFO  Engine               -       Ask questions and discuss at: https://github.com/AlmasB/FXGL/discussions
03:17:53.863 [JavaFX Application Thread] INFO  Engine               -              Join the FXGL chat at: https://gitter.im/AlmasB/FXGL
03:17:54.053 [JavaFX Application Thread] DEBUG PrimaryStageWindow   - Creating a JavaFX scene
03:17:54.136 [JavaFX Application Thread] DEBUG PrimaryStageWindow   - Target settings size: 1000.0 x 650.0
03:17:54.137 [JavaFX Application Thread] DEBUG PrimaryStageWindow   - Scaled scene size:    1000.0 x 650.0
03:17:54.137 [JavaFX Application Thread] DEBUG PrimaryStageWindow   - Scaled ratio: (1.0, 1.0)
03:17:54.139 [JavaFX Application Thread] DEBUG PrimaryStageWindow   - Set initial scene to FXGLStartupScene
03:17:54.146 [JavaFX Application Thread] DEBUG PrimaryStageWindow   - Opening main window
03:17:54.280 [JavaFX Application Thread] DEBUG PrimaryStageWindow   - Window border size: (16.0, 39.0)
03:17:54.281 [JavaFX Application Thread] DEBUG PrimaryStageWindow   - Scaled size: 1000.0 x 650.0
03:17:54.282 [JavaFX Application Thread] DEBUG PrimaryStageWindow   - Scaled ratio: (1.0, 1.0)
03:17:54.283 [JavaFX Application Thread] DEBUG PrimaryStageWindow   - Scene size: 1000.0 x 650.0
03:17:54.283 [JavaFX Application Thread] DEBUG PrimaryStageWindow   - Stage size: 1016.0 x 689.0
03:17:54.342 [FXGL Background Thread 1 ] DEBUG Engine               - Initializing environment variables
03:17:54.447 [FXGL Background Thread 1 ] DEBUG FXGLAssetLoaderServi - User app class for loading assets: class com.example.rescuecats.Controller.MainGame
03:17:54.447 [FXGL Background Thread 1 ] DEBUG GameApplicationServi - Applying CSS: fxgl_dark.css
03:17:54.449 [FXGL Background Thread 1 ] DEBUG FXGLAssetLoaderServi - Loading from file system: jar:file:///C:/Users/MICHEAL/.m2/repository/com/github/almasb/fxgl/17.3/fxgl-17.3.jar!/fxglassets/ui/css/fxgl_dark.css
03:17:54.542 [FXGL Background Thread 1 ] DEBUG GameApplicationServi - Initializing application scenes
03:17:54.702 [FXGL Background Thread 1 ] DEBUG GameWorld            - Game world initialized
03:17:54.801 [FXGL Background Thread 1 ] DEBUG PhysicsWorld         - Physics world initialized: appHeight=650, physics.ppm=50.0
03:17:54.801 [FXGL Background Thread 1 ] DEBUG PhysicsWorld         - Using strategy: BRUTE_FORCE
03:17:54.809 [FXGL Background Thread 1 ] DEBUG GameScene            - Game scene initialized: 1000x650
03:17:54.825 [FXGL Background Thread 1 ] DEBUG FXGL.DefaultMenu     - createMenuBodyGameMenu()
03:17:54.847 [FXGL Background Thread 1 ] DEBUG FXGL.DefaultMenu     - createOptionsMenu()
03:17:54.869 [FXGL Background Thread 1 ] DEBUG FXGLAssetLoaderServi - Loading from file system: jar:file:///C:/Users/MICHEAL/.m2/repository/com/github/almasb/fxgl/17.3/fxgl-17.3.jar!/fxglassets/textures/particles/smoke.png
03:17:55.122 [FXGL Background Thread 1 ] DEBUG FXGLAssetLoaderServi - Loading from file system: jar:file:///C:/Users/MICHEAL/.m2/repository/com/github/almasb/fxgl/17.3/fxgl-17.3.jar!/fxglassets/textures/particles/trace_horizontal.png
03:17:55.187 [FXGL Background Thread 1 ] DEBUG GameApplicationServi - Application scenes initialized
03:17:55.213 [FXGL Background Thread 1 ] DEBUG SystemBundleService  - Loading FXGL system data
03:17:55.225 [FXGL Background Thread 1 ] DEBUG FileSystemAccess     - Reading from: C:\RescueCats\system\fxgl.bundle
03:17:55.244 [FXGL Background Thread 1 ] DEBUG SystemBundleService  - Bundle FXGL: {}
03:17:55.244 [FXGL Background Thread 1 ] DEBUG UpdaterService       - Checking for updates
03:17:55.256 [FXGL Background Thread 1 ] DEBUG FXGLApplication      - Loading default localization
03:17:55.257 [FXGL Background Thread 1 ] DEBUG FXGLAssetLoaderServi - Loading from file system: jar:file:///C:/Users/MICHEAL/.m2/repository/com/github/almasb/fxgl/17.3/fxgl-17.3.jar!/fxglassets/languages/english.lang
03:17:55.262 [FXGL Background Thread 4 ] DEBUG FXGLApplication      - Loading fonts
03:17:55.265 [FXGL Background Thread 4 ] DEBUG FXGLAssetLoaderServi - Loading from file system: jar:file:///C:/Users/MICHEAL/.m2/repository/com/github/almasb/fxgl/17.3/fxgl-17.3.jar!/fxglassets/ui/fonts/VarelaRound-Regular.ttf
03:17:55.313 [FXGL Background Thread 1 ] INFO  FXGLApplication      - FXGL initialization took: 0.971 sec
03:17:55.315 [JavaFX Application Thread] DEBUG FXGLAssetLoaderServi - Loading from file system: jar:file:///C:/Users/MICHEAL/.m2/repository/com/github/almasb/fxgl/17.3/fxgl-17.3.jar!/fxglassets/textures/fxgl_icon.png
03:17:55.356 [JavaFX Application Thread] DEBUG FXGLAssetLoaderServi - Loading from file system: jar:file:///C:/Users/MICHEAL/.m2/repository/com/github/almasb/fxgl/17.3/fxgl-17.3.jar!/fxglassets/textures/fxgl_default_cursor.png
03:17:55.380 [JavaFX Application Thread] DEBUG Input                - Registered new binding: Screenshot - CTRL+8
03:17:55.380 [JavaFX Application Thread] DEBUG Input                - Registered new binding: System info dump - CTRL+9
03:17:55.382 [JavaFX Application Thread] DEBUG Input                - Registered new binding: Restart - CTRL+R
03:17:55.383 [JavaFX Application Thread] DEBUG Input                - Registered new binding: Toggle Debug Camera - CTRL+7
03:17:55.388 [JavaFX Application Thread] DEBUG LoopRunner           - Starting loop
03:17:55.388 [JavaFX Application Thread] DEBUG LoopRunner           - Initializing JavaFX AnimationTimerLoop
03:17:55.390 [JavaFX Application Thread] DEBUG GameApplicationServi - Starting new game
03:17:55.391 [JavaFX Application Thread] DEBUG Input                - Clearing active input actions
03:17:55.411 [JavaFX Application Thread] DEBUG GameApplicationServi - Removing overlay from FXGLStartupScene and adding to FXGLLoadingScene
03:17:55.412 [JavaFX Application Thread] DEBUG PrimaryStageWindow   - FXGLStartupScene -> FXGLLoadingScene
03:17:55.412 [JavaFX Application Thread] DEBUG GameApplicationServi - Clearing previous game
03:17:55.412 [JavaFX Application Thread] DEBUG GameScene            - Clearing game scene
03:17:55.412 [JavaFX Application Thread] DEBUG GameWorld            - Clearing game world
03:17:55.413 [JavaFX Application Thread] DEBUG PhysicsWorld         - Clearing physics world
03:17:55.416 [FXGL Background Thread 1 ] DEBUG FXGLApplication      - Initializing game
03:17:55.419 [FXGL Background Thread 1 ] INFO  FXGLApplication      - Game initialization took: 0.003 sec
03:17:55.532 [JavaFX Application Thread] DEBUG Input                - Clearing active input actions
03:17:55.548 [JavaFX Application Thread] DEBUG GameApplicationServi - Removing overlay from FXGLLoadingScene and adding to GameScene
03:17:55.549 [JavaFX Application Thread] DEBUG PrimaryStageWindow   - FXGLLoadingScene -> GameScene
03:17:55.629 [FXGL Background Thread 4 ] DEBUG FXGLAssetLoaderServi - Loading from file system: jar:file:///C:/Users/MICHEAL/.m2/repository/com/github/almasb/fxgl/17.3/fxgl-17.3.jar!/fxglassets/ui/fonts/Abel-Regular.ttf
03:17:55.700 [FXGL Background Thread 4 ] DEBUG FXGLAssetLoaderServi - Loading from file system: jar:file:///C:/Users/MICHEAL/.m2/repository/com/github/almasb/fxgl/17.3/fxgl-17.3.jar!/fxglassets/ui/fonts/TerminalLandMono-Regular.otf
03:17:55.712 [FXGL Background Thread 4 ] DEBUG FXGLAssetLoaderServi - Loading from file system: jar:file:///C:/Users/MICHEAL/.m2/repository/com/github/almasb/fxgl/17.3/fxgl-17.3.jar!/fxglassets/ui/fonts/Courier-Prime.ttf
03:17:55.730 [JavaFX Application Thread] DEBUG FXGLApplication      - Registering font factories with UI factory
03:17:56.192 [FXGL Background Thread 2 ] INFO  UpdaterService       - Your current version:  17.3
03:17:56.192 [FXGL Background Thread 2 ] INFO  UpdaterService       - Latest stable version: 21.1
03:17:58.252 [FXGL Background Thread 3 ] DEBUG Engine               - Logging environment variables
03:17:58.255 [FXGL Background Thread 3 ] DEBUG Engine               - achievements: []
03:17:58.255 [FXGL Background Thread 3 ] DEBUG Engine               - actualHeight: 650.0
03:17:58.256 [FXGL Background Thread 3 ] DEBUG Engine               - actualHeightProperty: ReadOnlyDoubleProperty [value: 650.0]
03:17:58.256 [FXGL Background Thread 3 ] DEBUG Engine               - actualWidth: 1000.0
03:17:58.257 [FXGL Background Thread 3 ] DEBUG Engine               - actualWidthProperty: ReadOnlyDoubleProperty [value: 1000.0]
03:17:58.257 [FXGL Background Thread 3 ] DEBUG Engine               - appIcon: fxgl_icon.png
03:17:58.258 [FXGL Background Thread 3 ] DEBUG Engine               - applicationMode: DEVELOPER
03:17:58.258 [FXGL Background Thread 3 ] DEBUG Engine               - cSSList: [fxgl_dark.css]
03:17:58.258 [FXGL Background Thread 3 ] DEBUG Engine               - collisionDetectionStrategy: BRUTE_FORCE
03:17:58.259 [FXGL Background Thread 3 ] DEBUG Engine               - configClass: Optional.empty
03:17:58.259 [FXGL Background Thread 3 ] DEBUG Engine               - credits: []
03:17:58.261 [FXGL Background Thread 3 ] DEBUG Engine               - defaultCursor: CursorInfo(imageName=fxgl_default_cursor.png, hotspotX=7.0, hotspotY=6.0)
03:17:58.262 [FXGL Background Thread 3 ] DEBUG Engine               - devBBoxColorProperty: ObjectProperty [value: 0xff0000ff]
03:17:58.262 [FXGL Background Thread 3 ] DEBUG Engine               - devEnableDebugCameraProperty: BooleanProperty [value: false]
03:17:58.263 [FXGL Background Thread 3 ] DEBUG Engine               - devSensorColorProperty: ObjectProperty [value: 0xffff00ff]
03:17:58.263 [FXGL Background Thread 3 ] DEBUG Engine               - devShowBBoxProperty: BooleanProperty [value: false]
03:17:58.263 [FXGL Background Thread 3 ] DEBUG Engine               - devShowPositionProperty: BooleanProperty [value: false]
03:17:58.264 [FXGL Background Thread 3 ] DEBUG Engine               - enabledMenuItems: []
03:17:58.264 [FXGL Background Thread 3 ] DEBUG Engine               - engineServices: [class com.almasb.fxgl.app.services.FXGLAssetLoaderService, class com.almasb.fxgl.app.FXGLApplication$GameApplicationService, class com.almasb.fxgl.app.services.FXGLDialogService, class com.almasb.fxgl.app.services.IOTaskExecutorService, class com.almasb.fxgl.io.FileSystemService, class com.almasb.fxgl.localization.LocalizationService, class com.almasb.fxgl.app.services.SystemBundleService, class com.almasb.fxgl.profile.SaveLoadService, class com.almasb.fxgl.ui.FXGLUIFactoryServiceProvider, class com.almasb.fxgl.ui.FXGLDialogFactoryServiceProvider, class com.almasb.fxgl.audio.AudioPlayer, class com.almasb.fxgl.notification.impl.NotificationServiceProvider, class com.almasb.fxgl.achievement.AchievementService, class com.almasb.fxgl.cutscene.CutsceneService, class com.almasb.fxgl.minigames.MiniGameService, class com.almasb.fxgl.net.NetService, class com.almasb.fxgl.app.services.UpdaterService, class com.almasb.fxgl.dev.DevService]
03:17:58.264 [FXGL Background Thread 3 ] DEBUG Engine               - fontGame: Abel-Regular.ttf
03:17:58.265 [FXGL Background Thread 3 ] DEBUG Engine               - fontMono: TerminalLandMono-Regular.otf
03:17:58.265 [FXGL Background Thread 3 ] DEBUG Engine               - fontSizeScaleUI: 1.0
03:17:58.265 [FXGL Background Thread 3 ] DEBUG Engine               - fontText: Courier-Prime.ttf
03:17:58.266 [FXGL Background Thread 3 ] DEBUG Engine               - fontUI: VarelaRound-Regular.ttf
03:17:58.266 [FXGL Background Thread 3 ] DEBUG Engine               - fullScreen: BooleanProperty [value: false]
03:17:58.266 [FXGL Background Thread 3 ] DEBUG Engine               - gameDifficulty: MEDIUM
03:17:58.267 [FXGL Background Thread 3 ] DEBUG Engine               - gameDifficultyProperty: ObjectProperty [value: MEDIUM]
03:17:58.267 [FXGL Background Thread 3 ] DEBUG Engine               - globalMusicVolume: 0.5
03:17:58.268 [FXGL Background Thread 3 ] DEBUG Engine               - globalMusicVolumeProperty: DoubleProperty [value: 0.5]
03:17:58.268 [FXGL Background Thread 3 ] DEBUG Engine               - globalSoundVolume: 0.5
03:17:58.269 [FXGL Background Thread 3 ] DEBUG Engine               - globalSoundVolumeProperty: DoubleProperty [value: 0.5]
03:17:58.269 [FXGL Background Thread 3 ] DEBUG Engine               - height: 650
03:17:58.270 [FXGL Background Thread 3 ] DEBUG Engine               - is3D: false
03:17:58.270 [FXGL Background Thread 3 ] DEBUG Engine               - isAndroid: false
03:17:58.271 [FXGL Background Thread 3 ] DEBUG Engine               - isBrowser: false
03:17:58.271 [FXGL Background Thread 3 ] DEBUG Engine               - isClickFeedbackEnabled: false
03:17:58.272 [FXGL Background Thread 3 ] DEBUG Engine               - isCloseConfirmation: false
03:17:58.272 [FXGL Background Thread 3 ] DEBUG Engine               - isDesktop: true
03:17:58.272 [FXGL Background Thread 3 ] DEBUG Engine               - isDeveloperMenuEnabled: false
03:17:58.273 [FXGL Background Thread 3 ] DEBUG Engine               - isEmbedded: false
03:17:58.273 [FXGL Background Thread 3 ] DEBUG Engine               - isEntityPreloadEnabled: true
03:17:58.273 [FXGL Background Thread 3 ] DEBUG Engine               - isExperimentalTiledLargeMap: false
03:17:58.274 [FXGL Background Thread 3 ] DEBUG Engine               - isFileSystemWriteAllowed: true
03:17:58.274 [FXGL Background Thread 3 ] DEBUG Engine               - isFullScreenAllowed: false
03:17:58.274 [FXGL Background Thread 3 ] DEBUG Engine               - isFullScreenFromStart: false
03:17:58.275 [FXGL Background Thread 3 ] DEBUG Engine               - isGameMenuEnabled: true
03:17:58.275 [FXGL Background Thread 3 ] DEBUG Engine               - isIOS: false
03:17:58.275 [FXGL Background Thread 3 ] DEBUG Engine               - isIntroEnabled: false
03:17:58.276 [FXGL Background Thread 3 ] DEBUG Engine               - isLinux: false
03:17:58.276 [FXGL Background Thread 3 ] DEBUG Engine               - isMac: false
03:17:58.276 [FXGL Background Thread 3 ] DEBUG Engine               - isMainMenuEnabled: false
03:17:58.277 [FXGL Background Thread 3 ] DEBUG Engine               - isManualResizeEnabled: false
03:17:58.277 [FXGL Background Thread 3 ] DEBUG Engine               - isMobile: false
03:17:58.278 [FXGL Background Thread 3 ] DEBUG Engine               - isNative: false
03:17:58.278 [FXGL Background Thread 3 ] DEBUG Engine               - isPauseMusicWhenMinimized: true
03:17:58.279 [FXGL Background Thread 3 ] DEBUG Engine               - isPreserveResizeRatio: false
03:17:58.279 [FXGL Background Thread 3 ] DEBUG Engine               - isProfilingEnabled: false
03:17:58.280 [FXGL Background Thread 3 ] DEBUG Engine               - isScaleAffectedOnResize: true
03:17:58.280 [FXGL Background Thread 3 ] DEBUG Engine               - isSingleStep: false
03:17:58.280 [FXGL Background Thread 3 ] DEBUG Engine               - isUserProfileEnabled: false
03:17:58.281 [FXGL Background Thread 3 ] DEBUG Engine               - isWindows: true
03:17:58.281 [FXGL Background Thread 3 ] DEBUG Engine               - language: ObjectProperty [value: ENGLISH]
03:17:58.281 [FXGL Background Thread 3 ] DEBUG Engine               - menuKey: ESCAPE
03:17:58.282 [FXGL Background Thread 3 ] DEBUG Engine               - mouseSensitivity: 0.2
03:17:58.282 [FXGL Background Thread 3 ] DEBUG Engine               - notificationViewClass: class com.almasb.fxgl.notification.view.XboxNotificationView
03:17:58.282 [FXGL Background Thread 3 ] DEBUG Engine               - pixelsPerMeter: 50.0
03:17:58.283 [FXGL Background Thread 3 ] DEBUG Engine               - platform: WINDOWS
03:17:58.283 [FXGL Background Thread 3 ] DEBUG Engine               - prefHeightProperty: ReadOnlyDoubleProperty [value: 650.0]
03:17:58.284 [FXGL Background Thread 3 ] DEBUG Engine               - prefWidthProperty: ReadOnlyDoubleProperty [value: 1000.0]
03:17:58.284 [FXGL Background Thread 3 ] DEBUG Engine               - profileDir: profiles/
03:17:58.285 [FXGL Background Thread 3 ] DEBUG Engine               - profileName: StringProperty [value: DEFAULT]
03:17:58.285 [FXGL Background Thread 3 ] DEBUG Engine               - randomSeed: -1
03:17:58.287 [FXGL Background Thread 3 ] DEBUG Engine               - runtimeInfo: RuntimeInfo(platform=WINDOWS, version=17.3, build=30.03.2023 11.49)
03:17:58.288 [FXGL Background Thread 3 ] DEBUG Engine               - saveFileExt: sav
03:17:58.289 [FXGL Background Thread 3 ] DEBUG Engine               - scaledHeightProp$fxgl: DoubleProperty [bound, value: 650.0]
03:17:58.289 [FXGL Background Thread 3 ] DEBUG Engine               - scaledWidthProp$fxgl: DoubleProperty [bound, value: 1000.0]
03:17:58.290 [FXGL Background Thread 3 ] DEBUG Engine               - sceneFactory: com.almasb.fxgl.app.scene.SceneFactory@4baccb24
03:17:58.290 [FXGL Background Thread 3 ] DEBUG Engine               - secondsIn24h: 60
03:17:58.291 [FXGL Background Thread 3 ] DEBUG Engine               - soundMenuBack: menu/back.wav
03:17:58.291 [FXGL Background Thread 3 ] DEBUG Engine               - soundMenuPress: menu/press.wav
03:17:58.292 [FXGL Background Thread 3 ] DEBUG Engine               - soundMenuSelect: menu/select.wav
03:17:58.292 [FXGL Background Thread 3 ] DEBUG Engine               - soundNotification: core/notification.wav
03:17:58.293 [FXGL Background Thread 3 ] DEBUG Engine               - stageStyle: DECORATED
03:17:58.293 [FXGL Background Thread 3 ] DEBUG Engine               - supportedLanguages: [ENGLISH, FRENCH, GERMAN, HUNGARIAN, RUSSIAN]
03:17:58.294 [FXGL Background Thread 3 ] DEBUG Engine               - ticksPerSecond: -1
03:17:58.294 [FXGL Background Thread 3 ] DEBUG Engine               - title: Rescue Cats ! 😺💣
03:17:58.294 [FXGL Background Thread 3 ] DEBUG Engine               - urlGithub: https://github.com/AlmasB/FXGL
03:17:58.295 [FXGL Background Thread 3 ] DEBUG Engine               - urlLeaderboard: http://fxgl-top.herokuapp.com/
03:17:58.295 [FXGL Background Thread 3 ] DEBUG Engine               - urlPOM: https://raw.githubusercontent.com/AlmasB/FXGL/release/README.md
03:17:58.295 [FXGL Background Thread 3 ] DEBUG Engine               - userAppClass: class com.example.rescuecats.Controller.MainGame
03:17:58.295 [FXGL Background Thread 3 ] DEBUG Engine               - version: 0.0
03:17:58.295 [FXGL Background Thread 3 ] DEBUG Engine               - versionCheckDays: 7
03:17:58.296 [FXGL Background Thread 3 ] DEBUG Engine               - width: 1000
03:17:58.296 [FXGL Background Thread 3 ] DEBUG Engine               - Logging services
03:17:58.296 [FXGL Background Thread 3 ] DEBUG Engine               - class com.almasb.fxgl.app.services.FXGLAssetLoaderService
03:17:58.296 [FXGL Background Thread 3 ] DEBUG Engine               - class com.almasb.fxgl.app.FXGLApplication$GameApplicationService
03:17:58.297 [FXGL Background Thread 3 ] DEBUG Engine               - class com.almasb.fxgl.app.services.FXGLDialogService
03:17:58.297 [FXGL Background Thread 3 ] DEBUG Engine               - class com.almasb.fxgl.app.services.IOTaskExecutorService
03:17:58.297 [FXGL Background Thread 3 ] DEBUG Engine               - class com.almasb.fxgl.io.FileSystemService
03:17:58.297 [FXGL Background Thread 3 ] DEBUG Engine               - class com.almasb.fxgl.localization.LocalizationService
03:17:58.297 [FXGL Background Thread 3 ] DEBUG Engine               - class com.almasb.fxgl.app.services.SystemBundleService
03:17:58.298 [FXGL Background Thread 3 ] DEBUG Engine               - class com.almasb.fxgl.profile.SaveLoadService
03:17:58.298 [FXGL Background Thread 3 ] DEBUG Engine               - class com.almasb.fxgl.ui.FXGLUIFactoryServiceProvider
03:17:58.298 [FXGL Background Thread 3 ] DEBUG Engine               - class com.almasb.fxgl.ui.FXGLDialogFactoryServiceProvider
03:17:58.298 [FXGL Background Thread 3 ] DEBUG Engine               - class com.almasb.fxgl.audio.AudioPlayer
03:17:58.298 [FXGL Background Thread 3 ] DEBUG Engine               - class com.almasb.fxgl.notification.impl.NotificationServiceProvider
03:17:58.299 [FXGL Background Thread 3 ] DEBUG Engine               - class com.almasb.fxgl.achievement.AchievementService
03:17:58.299 [FXGL Background Thread 3 ] DEBUG Engine               - class com.almasb.fxgl.cutscene.CutsceneService
03:17:58.299 [FXGL Background Thread 3 ] DEBUG Engine               - class com.almasb.fxgl.minigames.MiniGameService
03:17:58.299 [FXGL Background Thread 3 ] DEBUG Engine               - class com.almasb.fxgl.net.NetService
03:17:58.299 [FXGL Background Thread 3 ] DEBUG Engine               - class com.almasb.fxgl.app.services.UpdaterService
03:17:58.299 [FXGL Background Thread 3 ] DEBUG Engine               - class com.almasb.fxgl.dev.DevService
03:18:02.118 [JavaFX Application Thread] DEBUG FXGLApplication      - Exiting FXGL
03:18:02.119 [JavaFX Application Thread] DEBUG LoopRunner           - Stopping loop
03:18:02.119 [JavaFX Application Thread] DEBUG SystemBundleService  - Saving FXGL system data
03:18:02.122 [JavaFX Application Thread] DEBUG FileSystemAccess     - Writing to: C:\RescueCats\system\fxgl.bundle
03:18:02.126 [JavaFX Application Thread] DEBUG Async                - Shutting down background threads
03:18:02.126 [JavaFX Application Thread] DEBUG PrimaryStageWindow   - Closing main window
03:18:02.157 [JavaFX Application Thread] DEBUG Logger               - Closing Logger
